2025-12-21 18:12:39,435 - aqt.helper - DEBUG - helper 140249013915776 Attempt to download checksum at https://download.qt.io/online/qtsdkrepository/linux_x64/android/qt6_653_armv7/Updates.xml.sha256
2025-12-21 18:12:42,444 - aqt.helper - DEBUG - helper 140249013915776 Attempt to download checksum at https://download.qt.io/online/qtsdkrepository/linux_x64/android/qt6_653_armv7/Updates.xml.sha256
2025-12-21 18:12:45,451 - aqt.helper - DEBUG - helper 140249013915776 Attempt to download checksum at https://download.qt.io/online/qtsdkrepository/linux_x64/android/qt6_653_armv7/Updates.xml.sha256
2025-12-21 18:12:48,459 - aqt.helper - DEBUG - helper 140249013915776 Attempt to download checksum at https://download.qt.io/online/qtsdkrepository/linux_x64/android/qt6_653_armv7/Updates.xml.sha256
2025-12-21 18:12:51,466 - aqt.helper - DEBUG - helper 140249013915776 Attempt to download checksum at https://download.qt.io/online/qtsdkrepository/linux_x64/android/qt6_653_armv7/Updates.xml.sha256
2025-12-21 18:12:54,474 - aqt.main - ERROR - installer 140249013915776 Failed to download checksum for the file 'Updates.xml' from mirrors '['https://download.qt.io']
==============================Suggested follow-up:==============================
* Check your internet connection
* Consider modifying `requests.max_retries_to_retrieve_hash` in settings.ini
* Consider modifying `mirrors.trusted_mirrors` in settings.ini (see https://aqtinstall.readthedocs.io/en/stable/configuration.html#configuration)
* Please use 'aqt list-qt linux android' to show versions of Qt available.
* Please use 'aqt list-qt linux android --arch <QT_VERSION>' to list valid architectures.
2025-12-21 18:13:04,719 - aqt.helper - DEBUG - helper 139796109168768 Attempt to download checksum at https://download.qt.io/online/qtsdkrepository/linux_x64/desktop/qt6_653/Updates.xml.sha256
2025-12-21 18:13:07,728 - aqt.helper - DEBUG - helper 139796109168768 Attempt to download checksum at https://download.qt.io/online/qtsdkrepository/linux_x64/desktop/qt6_653/Updates.xml.sha256
2025-12-21 18:13:10,737 - aqt.helper - DEBUG - helper 139796109168768 Attempt to download checksum at https://download.qt.io/online/qtsdkrepository/linux_x64/desktop/qt6_653/Updates.xml.sha256
2025-12-21 18:13:13,744 - aqt.helper - DEBUG - helper 139796109168768 Attempt to download checksum at https://download.qt.io/online/qtsdkrepository/linux_x64/desktop/qt6_653/Updates.xml.sha256
2025-12-21 18:13:16,752 - aqt.helper - DEBUG - helper 139796109168768 Attempt to download checksum at https://download.qt.io/online/qtsdkrepository/linux_x64/desktop/qt6_653/Updates.xml.sha256
2025-12-21 18:13:19,760 - aqt.main - ERROR - installer 139796109168768 Failed to download checksum for the file 'Updates.xml' from mirrors '['https://download.qt.io']
==============================Suggested follow-up:==============================
* Check your internet connection
* Consider modifying `requests.max_retries_to_retrieve_hash` in settings.ini
* Consider modifying `mirrors.trusted_mirrors` in settings.ini (see https://aqtinstall.readthedocs.io/en/stable/configuration.html#configuration)
* Please use 'aqt list-qt linux desktop' to show versions of Qt available.
* Please use 'aqt list-qt linux desktop --arch <QT_VERSION>' to list valid architectures.
